<?xml version="1.0" encoding="UTF-8"?>
<!-- Generated by org.testng.reporters.JUnitXMLReporter -->
<testsuite ignored="0" hostname="DESKTOP-25JO6U9" failures="0" tests="1" name="Test(failed)" time="0.128" errors="0" timestamp="2025-03-31T11:58:58 IST">
  <testcase classname="com.crm.generic.baseutility.BaseClass" name="@BeforeClass configBeforeClass" time="-1.743402538523E9">
    <failure type="org.testng.TestNGException" message="
Parameter &amp;apos;BROWSER&amp;apos; is required by BeforeClass on method configBeforeClass but has not been marked @Optional or defined
in C:\Users\my pc\eclipse-workspace\ComcastCRMGUIFramework\test-output\testng-failed.xml">
      <![CDATA[org.testng.TestNGException: 
Parameter 'BROWSER' is required by BeforeClass on method configBeforeClass but has not been marked @Optional or defined
in C:\Users\my pc\eclipse-workspace\ComcastCRMGUIFramework\test-output\testng-failed.xml
at java.base/java.util.ArrayList.forEach(ArrayList.java:1597)
... Removed 22 stack frames]]>
    </failure>
  </testcase> <!-- @BeforeClass configBeforeClass -->
  <testcase classname="com.crm.generic.baseutility.BaseClass" name="@BeforeMethod configBeforeMethod" time="0.0">
    <skipped/>
  </testcase> <!-- @BeforeMethod configBeforeMethod -->
  <testcase classname="com.crm.generic.baseutility.BaseClass" name="@AfterMethod configAfterMethod" time="0.0">
    <skipped/>
  </testcase> <!-- @AfterMethod configAfterMethod -->
  <testcase classname="com.crm.generic.baseutility.BaseClass" name="@AfterClass configAfterClass" time="0.0">
    <skipped/>
  </testcase> <!-- @AfterClass configAfterClass -->
  <testcase classname="practice.ListPra" name="listPractice" time="0.0">
    <skipped/>
  </testcase> <!-- listPractice -->
</testsuite> <!-- Test(failed) -->
